

Started GET "/" for 127.0.0.1 at 2014-11-07 16:54:32 -0300

PG::ConnectionBad (FATAL:  no existe la base de datos «bestnid-grupo2_desarrollo»
):
  activerecord (4.1.2) lib/active_record/connection_adapters/postgresql_adapter.rb:888:in `initialize'
  activerecord (4.1.2) lib/active_record/connection_adapters/postgresql_adapter.rb:888:in `new'
  activerecord (4.1.2) lib/active_record/connection_adapters/postgresql_adapter.rb:888:in `connect'
  activerecord (4.1.2) lib/active_record/connection_adapters/postgresql_adapter.rb:568:in `initialize'
  activerecord (4.1.2) lib/active_record/connection_adapters/postgresql_adapter.rb:41:in `new'
  activerecord (4.1.2) lib/active_record/connection_adapters/postgresql_adapter.rb:41:in `postgresql_connection'
  activerecord (4.1.2) lib/active_record/connection_adapters/abstract/connection_pool.rb:435:in `new_connection'
  activerecord (4.1.2) lib/active_record/connection_adapters/abstract/connection_pool.rb:445:in `checkout_new_connection'
  activerecord (4.1.2) lib/active_record/connection_adapters/abstract/connection_pool.rb:416:in `acquire_connection'
  activerecord (4.1.2) lib/active_record/connection_adapters/abstract/connection_pool.rb:351:in `block in checkout'
  C:/RailsInstaller/Ruby1.9.3/lib/ruby/1.9.1/monitor.rb:211:in `mon_synchronize'
  activerecord (4.1.2) lib/active_record/connection_adapters/abstract/connection_pool.rb:350:in `checkout'
  activerecord (4.1.2) lib/active_record/connection_adapters/abstract/connection_pool.rb:265:in `block in connection'
  C:/RailsInstaller/Ruby1.9.3/lib/ruby/1.9.1/monitor.rb:211:in `mon_synchronize'
  activerecord (4.1.2) lib/active_record/connection_adapters/abstract/connection_pool.rb:264:in `connection'
  activerecord (4.1.2) lib/active_record/connection_adapters/abstract/connection_pool.rb:541:in `retrieve_connection'
  activerecord (4.1.2) lib/active_record/connection_handling.rb:113:in `retrieve_connection'
  activerecord (4.1.2) lib/active_record/connection_handling.rb:87:in `connection'
  activerecord (4.1.2) lib/active_record/migration.rb:388:in `check_pending!'
  activerecord (4.1.2) lib/active_record/migration.rb:377:in `call'
  actionpack (4.1.2) lib/action_dispatch/middleware/callbacks.rb:29:in `block in call'
  activesupport (4.1.2) lib/active_support/callbacks.rb:82:in `run_callbacks'
  actionpack (4.1.2) lib/action_dispatch/middleware/callbacks.rb:27:in `call'
  actionpack (4.1.2) lib/action_dispatch/middleware/reloader.rb:73:in `call'
  actionpack (4.1.2) lib/action_dispatch/middleware/remote_ip.rb:76:in `call'
  actionpack (4.1.2) lib/action_dispatch/middleware/debug_exceptions.rb:17:in `call'
  actionpack (4.1.2) lib/action_dispatch/middleware/show_exceptions.rb:30:in `call'
  railties (4.1.2) lib/rails/rack/logger.rb:38:in `call_app'
  railties (4.1.2) lib/rails/rack/logger.rb:20:in `block in call'
  activesupport (4.1.2) lib/active_support/tagged_logging.rb:68:in `block in tagged'
  activesupport (4.1.2) lib/active_support/tagged_logging.rb:26:in `tagged'
  activesupport (4.1.2) lib/active_support/tagged_logging.rb:68:in `tagged'
  railties (4.1.2) lib/rails/rack/logger.rb:20:in `call'
  actionpack (4.1.2) lib/action_dispatch/middleware/request_id.rb:21:in `call'
  rack (1.5.2) lib/rack/methodoverride.rb:21:in `call'
  rack (1.5.2) lib/rack/runtime.rb:17:in `call'
  activesupport (4.1.2) lib/active_support/cache/strategy/local_cache_middleware.rb:26:in `call'
  rack (1.5.2) lib/rack/lock.rb:17:in `call'
  actionpack (4.1.2) lib/action_dispatch/middleware/static.rb:64:in `call'
  rack (1.5.2) lib/rack/sendfile.rb:112:in `call'
  railties (4.1.2) lib/rails/engine.rb:514:in `call'
  railties (4.1.2) lib/rails/application.rb:144:in `call'
  rack (1.5.2) lib/rack/lock.rb:17:in `call'
  rack (1.5.2) lib/rack/content_length.rb:14:in `call'
  rack (1.5.2) lib/rack/handler/webrick.rb:60:in `service'
  C:/RailsInstaller/Ruby1.9.3/lib/ruby/1.9.1/webrick/httpserver.rb:138:in `service'
  C:/RailsInstaller/Ruby1.9.3/lib/ruby/1.9.1/webrick/httpserver.rb:94:in `run'
  C:/RailsInstaller/Ruby1.9.3/lib/ruby/1.9.1/webrick/server.rb:191:in `block in start_thread'


  Rendered C:/RailsInstaller/Ruby1.9.3/lib/ruby/gems/1.9.1/gems/actionpack-4.1.2/lib/action_dispatch/middleware/templates/rescues/_source.erb (2.0ms)
  Rendered C:/RailsInstaller/Ruby1.9.3/lib/ruby/gems/1.9.1/gems/actionpack-4.1.2/lib/action_dispatch/middleware/templates/rescues/_trace.html.erb (8.0ms)
  Rendered C:/RailsInstaller/Ruby1.9.3/lib/ruby/gems/1.9.1/gems/actionpack-4.1.2/lib/action_dispatch/middleware/templates/rescues/_request_and_response.html.erb (3.0ms)
  Rendered C:/RailsInstaller/Ruby1.9.3/lib/ruby/gems/1.9.1/gems/actionpack-4.1.2/lib/action_dispatch/middleware/templates/rescues/diagnostics.erb within rescues/layout (799.0ms)
  [1m[36m (31.0ms)[0m  [1mCREATE TABLE "schema_migrations" ("version" character varying(255) NOT NULL) [0m
  [1m[35m (89.0ms)[0m  CREATE UNIQUE INDEX  "unique_schema_migrations" ON "schema_migrations"  ("version")
  [1m[36mActiveRecord::SchemaMigration Load (3.0ms)[0m  [1mSELECT "schema_migrations".* FROM "schema_migrations"[0m
Migrating to CreatePregunta (20141105163225)
  [1m[35m (4.0ms)[0m  BEGIN
  [1m[36m (201.0ms)[0m  [1mCREATE TABLE "pregunta" ("id" serial primary key, "id_preguntador" integer, "id_producto" integer, "pregunta" character varying(255), "respuesta" character varying(255), "fecha_respuesta" timestamp, "created_at" timestamp, "updated_at" timestamp) [0m
  [1m[35mSQL (3.0ms)[0m  INSERT INTO "schema_migrations" ("version") VALUES ($1)  [["version", "20141105163225"]]
  [1m[36m (2.0ms)[0m  [1mCOMMIT[0m
Migrating to CreateOferta (20141105163331)
  [1m[35m (2.0ms)[0m  BEGIN
  [1m[36m (68.0ms)[0m  [1mCREATE TABLE "oferta" ("id" serial primary key, "id_producto" integer, "id_usuario" integer, "necesidad" character varying(255), "created_at" timestamp, "updated_at" timestamp) [0m
  [1m[35mSQL (22.0ms)[0m  INSERT INTO "schema_migrations" ("version") VALUES ($1)  [["version", "20141105163331"]]
  [1m[36m (3.0ms)[0m  [1mCOMMIT[0m
Migrating to CreateProductos (20141105165141)
  [1m[35m (2.0ms)[0m  BEGIN
  [1m[36m (105.0ms)[0m  [1mCREATE TABLE "productos" ("id" serial primary key, "nombre" character varying(255), "descripcion" character varying(255), "id_owner" integer, "fecha_finalizacion" timestamp, "cantidad_preguntas" integer, "id_comprador" integer, "categoria" character varying(255), "created_at" timestamp, "updated_at" timestamp) [0m
  [1m[35mSQL (2.0ms)[0m  INSERT INTO "schema_migrations" ("version") VALUES ($1)  [["version", "20141105165141"]]
  [1m[36m (2.0ms)[0m  [1mCOMMIT[0m
Migrating to CreateUsuarios (20141105165516)
  [1m[35m (4.0ms)[0m  BEGIN
  [1m[36m (169.0ms)[0m  [1mCREATE TABLE "usuarios" ("id" serial primary key, "nombre" character varying(255), "apellido" character varying(255), "email" character varying(255), "telefono" character varying(255), "clave" character varying(255), "fecha_nacimiento" timestamp, "created_at" timestamp, "updated_at" timestamp) [0m
  [1m[35mSQL (1.0ms)[0m  INSERT INTO "schema_migrations" ("version") VALUES ($1)  [["version", "20141105165516"]]
  [1m[36m (2.0ms)[0m  [1mCOMMIT[0m
Migrating to AgregarCampoFoto (20141106124735)
  [1m[35m (2.0ms)[0m  BEGIN
  [1m[36m (2.0ms)[0m  [1mALTER TABLE "productos" ADD COLUMN "foto" character varying(255)[0m
  [1m[35m (1.0ms)[0m  ALTER TABLE "usuarios" ADD COLUMN "foto" character varying(255)
  [1m[36mSQL (1.0ms)[0m  [1mINSERT INTO "schema_migrations" ("version") VALUES ($1)[0m  [["version", "20141106124735"]]
  [1m[35m (6.0ms)[0m  COMMIT
  [1m[36mActiveRecord::SchemaMigration Load (2.0ms)[0m  [1mSELECT "schema_migrations".* FROM "schema_migrations"[0m


Started GET "/" for 127.0.0.1 at 2014-11-07 17:02:39 -0300
  [1m[36mActiveRecord::SchemaMigration Load (4.0ms)[0m  [1mSELECT "schema_migrations".* FROM "schema_migrations"[0m
Processing by ProductosController#index as HTML
  Rendered productos/index.html.erb within layouts/application (27.0ms)
Completed 500 Internal Server Error in 13871ms

ActionView::Template::Error (TypeError: Se esperaba un objeto
  (in C:/Users/FACU/Desktop/Da Vinci Group/DaVinci-Bestnid/bestnid-grupo2/app/assets/stylesheets/application.css.scss)):
    2: <html>
    3: <head>
    4:   <title>Bestnid</title>
    5:   <%= stylesheet_link_tag    'application', media: 'all', 'data-turbolinks-track' => true %>
    6:   <%= javascript_include_tag 'application', 'data-turbolinks-track' => true %>
    7:   <%= csrf_meta_tags %>
    8: </head>
  app/views/layouts/application.html.erb:5:in `_app_views_layouts_application_html_erb___936346314_39453180'


  Rendered C:/RailsInstaller/Ruby1.9.3/lib/ruby/gems/1.9.1/gems/actionpack-4.1.2/lib/action_dispatch/middleware/templates/rescues/_trace.html.erb (3.0ms)
  Rendered C:/RailsInstaller/Ruby1.9.3/lib/ruby/gems/1.9.1/gems/actionpack-4.1.2/lib/action_dispatch/middleware/templates/rescues/_request_and_response.html.erb (2.0ms)
  Rendered C:/RailsInstaller/Ruby1.9.3/lib/ruby/gems/1.9.1/gems/actionpack-4.1.2/lib/action_dispatch/middleware/templates/rescues/template_error.html.erb within rescues/layout (324.0ms)


Started GET "/" for 127.0.0.1 at 2014-11-07 17:10:25 -0300
  [1m[36mActiveRecord::SchemaMigration Load (5.0ms)[0m  [1mSELECT "schema_migrations".* FROM "schema_migrations"[0m
Processing by ProductosController#index as HTML
  Rendered productos/index.html.erb within layouts/application (17.0ms)
Completed 500 Internal Server Error in 3795ms

ActionView::Template::Error (TypeError: Se esperaba un objeto
  (in C:/Users/FACU/Desktop/Da Vinci Group/DaVinci-Bestnid/bestnid-grupo2/app/assets/stylesheets/application.css.scss)):
    2: <html>
    3: <head>
    4:   <title>Bestnid</title>
    5:   <%= stylesheet_link_tag    'application', media: 'all', 'data-turbolinks-track' => true %>
    6:   <%= javascript_include_tag 'application', 'data-turbolinks-track' => true %>
    7:   <%= csrf_meta_tags %>
    8: </head>
  app/views/layouts/application.html.erb:5:in `_app_views_layouts_application_html_erb__660558140_27964524'


  Rendered C:/RailsInstaller/Ruby1.9.3/lib/ruby/gems/1.9.1/gems/actionpack-4.1.2/lib/action_dispatch/middleware/templates/rescues/_trace.html.erb (2.0ms)
  Rendered C:/RailsInstaller/Ruby1.9.3/lib/ruby/gems/1.9.1/gems/actionpack-4.1.2/lib/action_dispatch/middleware/templates/rescues/_request_and_response.html.erb (2.0ms)
  Rendered C:/RailsInstaller/Ruby1.9.3/lib/ruby/gems/1.9.1/gems/actionpack-4.1.2/lib/action_dispatch/middleware/templates/rescues/template_error.html.erb within rescues/layout (164.0ms)
  [1m[36mActiveRecord::SchemaMigration Load (2.0ms)[0m  [1mSELECT "schema_migrations".* FROM "schema_migrations"[0m
  [1m[35mActiveRecord::SchemaMigration Load (1.0ms)[0m  SELECT "schema_migrations".* FROM "schema_migrations"


Started GET "/" for 127.0.0.1 at 2014-11-07 17:46:59 -0300
  [1m[36mActiveRecord::SchemaMigration Load (3.0ms)[0m  [1mSELECT "schema_migrations".* FROM "schema_migrations"[0m
Processing by ProductosController#index as HTML
  Rendered productos/index.html.erb within layouts/application (14.0ms)
Completed 500 Internal Server Error in 3929ms

ActionView::Template::Error (TypeError: Se esperaba un objeto
  (in C:/Users/FACU/Desktop/Da Vinci Group/DaVinci-Bestnid/bestnid-grupo2/app/assets/stylesheets/application.css.scss)):
    2: <html>
    3: <head>
    4:   <title>Bestnid</title>
    5:   <%= stylesheet_link_tag    'application', media: 'all', 'data-turbolinks-track' => true %>
    6:   <%= javascript_include_tag 'application', 'data-turbolinks-track' => true %>
    7:   <%= csrf_meta_tags %>
    8: </head>
  app/views/layouts/application.html.erb:5:in `_app_views_layouts_application_html_erb__81345447_39559680'


  Rendered C:/RailsInstaller/Ruby1.9.3/lib/ruby/gems/1.9.1/gems/actionpack-4.1.2/lib/action_dispatch/middleware/templates/rescues/_trace.html.erb (3.0ms)
  Rendered C:/RailsInstaller/Ruby1.9.3/lib/ruby/gems/1.9.1/gems/actionpack-4.1.2/lib/action_dispatch/middleware/templates/rescues/_request_and_response.html.erb (2.0ms)
  Rendered C:/RailsInstaller/Ruby1.9.3/lib/ruby/gems/1.9.1/gems/actionpack-4.1.2/lib/action_dispatch/middleware/templates/rescues/template_error.html.erb within rescues/layout (156.0ms)
  [1m[36mUsuario Load (7.0ms)[0m  [1mSELECT "usuarios".* FROM "usuarios"[0m
  [1m[35mProducto Load (4.0ms)[0m  SELECT "productos".* FROM "productos"
  [1m[36mActiveRecord::SchemaMigration Load (3.0ms)[0m  [1mSELECT "schema_migrations".* FROM "schema_migrations"[0m
  [1m[35mActiveRecord::SchemaMigration Load (1.0ms)[0m  SELECT "schema_migrations".* FROM "schema_migrations"
  [1m[36mActiveRecord::SchemaMigration Load (3.0ms)[0m  [1mSELECT "schema_migrations".* FROM "schema_migrations"[0m
  [1m[35mActiveRecord::SchemaMigration Load (0.0ms)[0m  SELECT "schema_migrations".* FROM "schema_migrations"


Started GET "/" for 127.0.0.1 at 2014-11-07 17:59:45 -0300
  [1m[36mActiveRecord::SchemaMigration Load (2.0ms)[0m  [1mSELECT "schema_migrations".* FROM "schema_migrations"[0m
Processing by ProductosController#index as HTML
  Rendered productos/index.html.erb within layouts/application (40.0ms)
Completed 500 Internal Server Error in 9525ms

ActionView::Template::Error (TypeError: Se esperaba un objeto
  (in C:/Users/FACU/Desktop/Da Vinci Group/DaVinci-Bestnid/bestnid-grupo2/app/assets/stylesheets/application.css.scss)):
    2: <html>
    3: <head>
    4:   <title>Bestnid</title>
    5:   <%= stylesheet_link_tag    'application', media: 'all', 'data-turbolinks-track' => true %>
    6:   <%= javascript_include_tag 'application', 'data-turbolinks-track' => true %>
    7:   <%= csrf_meta_tags %>
    8: </head>
  app/views/layouts/application.html.erb:5:in `_app_views_layouts_application_html_erb__872127057_38304900'


  Rendered C:/RailsInstaller/Ruby1.9.3/lib/ruby/gems/1.9.1/gems/actionpack-4.1.2/lib/action_dispatch/middleware/templates/rescues/_trace.html.erb (4.0ms)
  Rendered C:/RailsInstaller/Ruby1.9.3/lib/ruby/gems/1.9.1/gems/actionpack-4.1.2/lib/action_dispatch/middleware/templates/rescues/_request_and_response.html.erb (2.0ms)
  Rendered C:/RailsInstaller/Ruby1.9.3/lib/ruby/gems/1.9.1/gems/actionpack-4.1.2/lib/action_dispatch/middleware/templates/rescues/template_error.html.erb within rescues/layout (266.0ms)
